[01m[K/home/huucuong/mypendulumn/src/inverted_pendulum/src/control.cpp:[m[K In member function â€˜[01m[Kfloat WrenchPublisher::position_pid(float, uint16_t)[m[Kâ€™:
[01m[K/home/huucuong/mypendulumn/src/inverted_pendulum/src/control.cpp:33:12:[m[K [01;31m[Kerror: [m[Kâ€˜[01m[KaP[m[Kâ€™ was not declared in this scope
   33 |         Kp=[01;31m[KaP[m[K.read()*100;    Ki=aI.read()*100;    Kd=aD;
      |            [01;31m[K^~[m[K
[01m[K/home/huucuong/mypendulumn/src/inverted_pendulum/src/control.cpp:33:33:[m[K [01;31m[Kerror: [m[Kâ€˜[01m[KaI[m[Kâ€™ was not declared in this scope; did you mean â€˜[01m[KPI[m[Kâ€™?
   33 |         Kp=aP.read()*100;    Ki=[01;31m[KaI[m[K.read()*100;    Kd=aD;
      |                                 [01;31m[K^~[m[K
      |                                 [32m[KPI[m[K
[01m[K/home/huucuong/mypendulumn/src/inverted_pendulum/src/control.cpp:33:54:[m[K [01;31m[Kerror: [m[Kâ€˜[01m[KaD[m[Kâ€™ was not declared in this scope
   33 |         Kp=aP.read()*100;    Ki=aI.read()*100;    Kd=[01;31m[KaD[m[K;
      |                                                      [01;31m[K^~[m[K
make[2]: *** [CMakeFiles/control_pendulum.dir/build.make:63: CMakeFiles/control_pendulum.dir/src/control.cpp.o] Error 1
make[1]: *** [CMakeFiles/Makefile2:78: CMakeFiles/control_pendulum.dir/all] Error 2
make: *** [Makefile:141: all] Error 2
