[0.220s] Invoking command in '/home/huucuong/mypendulumn/build/inverted_pendulum': CMAKE_PREFIX_PATH=${CMAKE_PREFIX_PATH}:/opt/ros/foxy /usr/bin/cmake --build /home/huucuong/mypendulumn/build/inverted_pendulum -- -j12 -l12
[0.283s] [35m[1mScanning dependencies of target control_pendulum[0m
[0.305s] [ 50%] Built target joint_state_listener
[0.319s] [ 75%] [32mBuilding CXX object CMakeFiles/control_pendulum.dir/src/control.cpp.o[0m
[1.525s] [01m[K/home/huucuong/mypendulumn/src/inverted_pendulum/src/control.cpp:25:24:[m[K [01;31m[Kerror: [m[KISO C++ forbids declaration of â€˜[01m[KJointStateListener[m[Kâ€™ with no type [[01;31m[K-fpermissive[m[K]
[1.525s]    25 |     JointStateListener([01;31m[K)[m[K
[1.525s]       |                        [01;31m[K^[m[K
[1.557s] [01m[K/home/huucuong/mypendulumn/src/inverted_pendulum/src/control.cpp:[m[K In member function â€˜[01m[Kint WrenchPublisher::JointStateListener()[m[Kâ€™:
[1.557s] [01m[K/home/huucuong/mypendulumn/src/inverted_pendulum/src/control.cpp:26:7:[m[K [01;31m[Kerror: [m[Konly constructors take member initializers
[1.557s]    26 |     : [01;31m[KNode[m[K("joint_state_listener")
[1.557s]       |       [01;31m[K^~~~[m[K
[1.557s] [01m[K/home/huucuong/mypendulumn/src/inverted_pendulum/src/control.cpp:31:24:[m[K [01;31m[Kerror: [m[Kâ€˜[01m[KJointStateListener[m[Kâ€™ is not a class, namespace, or enumeration
[1.558s]    31 |             std::bind(&[01;31m[KJointStateListener[m[K::topic_callback, this, std::placeholders::_1)
[1.558s]       |                        [01;31m[K^~~~~~~~~~~~~~~~~~[m[K
[1.558s] [01m[K/home/huucuong/mypendulumn/src/inverted_pendulum/src/control.cpp:33:5:[m[K [01;35m[Kwarning: [m[Kno return statement in function returning non-void [[01;35m[K-Wreturn-type[m[K]
[1.558s]    33 |     [01;35m[K}[m[K
[1.558s]       |     [01;35m[K^[m[K
[3.119s] make[2]: *** [CMakeFiles/control_pendulum.dir/build.make:63: CMakeFiles/control_pendulum.dir/src/control.cpp.o] Error 1
[3.120s] make[1]: *** [CMakeFiles/Makefile2:107: CMakeFiles/control_pendulum.dir/all] Error 2
[3.120s] make: *** [Makefile:141: all] Error 2
[3.123s] Invoked command in '/home/huucuong/mypendulumn/build/inverted_pendulum' returned '2': CMAKE_PREFIX_PATH=${CMAKE_PREFIX_PATH}:/opt/ros/foxy /usr/bin/cmake --build /home/huucuong/mypendulumn/build/inverted_pendulum -- -j12 -l12
