[0.215s] Invoking command in '/home/huucuong/mypendulumn/build/inverted_pendulum': CMAKE_PREFIX_PATH=${CMAKE_PREFIX_PATH}:/opt/ros/foxy /usr/bin/cmake --build /home/huucuong/mypendulumn/build/inverted_pendulum -- -j12 -l12
[0.351s] [35m[1mScanning dependencies of target control_pendulum[0m
[0.390s] [ 50%] [32mBuilding CXX object CMakeFiles/control_pendulum.dir/src/control.cpp.o[0m
[1.735s] [01m[K/home/huucuong/mypendulumn/src/inverted_pendulum/src/control.cpp:[m[K In constructor â€˜[01m[KWrenchPublisher::WrenchPublisher()[m[Kâ€™:
[1.735s] [01m[K/home/huucuong/mypendulumn/src/inverted_pendulum/src/control.cpp:10:15:[m[K [01;35m[Kwarning: [m[Kunused variable â€˜[01m[Kpush[m[Kâ€™ [[01;35m[K-Wunused-variable[m[K]
[1.735s]    10 |         float [01;35m[Kpush[m[K=10.0;
[1.735s]       |               [01;35m[K^~~~[m[K
[1.736s] [01m[K/home/huucuong/mypendulumn/src/inverted_pendulum/src/control.cpp:[m[K In member function â€˜[01m[Kvoid WrenchPublisher::publish_wrench()[m[Kâ€™:
[1.736s] [01m[K/home/huucuong/mypendulumn/src/inverted_pendulum/src/control.cpp:23:27:[m[K [01;31m[Kerror: [m[Kâ€˜[01m[Kpush[m[Kâ€™ was not declared in this scope
[1.737s]    23 |         message.force.x = [01;31m[Kpush[m[K;
[1.737s]       |                           [01;31m[K^~~~[m[K
[2.598s] make[2]: *** [CMakeFiles/control_pendulum.dir/build.make:63: CMakeFiles/control_pendulum.dir/src/control.cpp.o] Error 1
[2.598s] make[1]: *** [CMakeFiles/Makefile2:78: CMakeFiles/control_pendulum.dir/all] Error 2
[2.598s] make: *** [Makefile:141: all] Error 2
[2.601s] Invoked command in '/home/huucuong/mypendulumn/build/inverted_pendulum' returned '2': CMAKE_PREFIX_PATH=${CMAKE_PREFIX_PATH}:/opt/ros/foxy /usr/bin/cmake --build /home/huucuong/mypendulumn/build/inverted_pendulum -- -j12 -l12
