[0.210s] Invoking command in '/home/huucuong/mypendulumn/build/inverted_pendulum': CMAKE_PREFIX_PATH=${CMAKE_PREFIX_PATH}:/opt/ros/foxy /usr/bin/cmake --build /home/huucuong/mypendulumn/build/inverted_pendulum -- -j12 -l12
[0.280s] [35m[1mScanning dependencies of target wrench_publisher[0m
[0.315s] [ 50%] [32mBuilding CXX object CMakeFiles/wrench_publisher.dir/src/control.cpp.o[0m
[1.425s] [01m[K/home/huucuong/mypendulumn/src/inverted_pendulum/src/control.cpp:44:37:[m[K [01;31m[Kerror: [m[Kâ€˜[01m[Ksensor_msgs[m[Kâ€™ does not name a type
[1.425s]    44 |     void joint_state_callback(const [01;31m[Ksensor_msgs[m[K::msg::JointState::SharedPtr msg)
[1.426s]       |                                     [01;31m[K^~~~~~~~~~~[m[K
[1.426s] [01m[K/home/huucuong/mypendulumn/src/inverted_pendulum/src/control.cpp:44:53:[m[K [01;31m[Kerror: [m[Kexpected unqualified-id before â€˜[01m[K::[m[Kâ€™ token
[1.426s]    44 |     void joint_state_callback(const sensor_msgs::msg[01;31m[K::[m[KJointState::SharedPtr msg)
[1.426s]       |                                                     [01;31m[K^~[m[K
[1.426s] [01m[K/home/huucuong/mypendulumn/src/inverted_pendulum/src/control.cpp:44:53:[m[K [01;31m[Kerror: [m[Kexpected â€˜[01m[K)[m[Kâ€™ before â€˜[01m[K::[m[Kâ€™ token
[1.426s]    44 |     void joint_state_callback[34m[K([m[Kconst sensor_msgs::msg[01;31m[K:[m[K[32m[K:[m[KJointState::SharedPtr msg)
[1.426s]       |                              [34m[K~[m[K                      [01;31m[K^[m[K[32m[K~[m[K
[1.427s]       |                                                     [32m[K)[m[K
[1.427s] [01m[K/home/huucuong/mypendulumn/src/inverted_pendulum/src/control.cpp:44:50:[m[K [01;31m[Kerror: [m[Kexpected â€˜[01m[K;[m[Kâ€™ at end of member declaration
[1.427s]    44 |     void joint_state_callback(const sensor_msgs::[01;31m[Kmsg[m[K::JointState::SharedPtr msg)
[1.427s]       |                                                  [01;31m[K^~~[m[K
[1.427s]       |                                                     [32m[K;[m[K
[1.427s] [01m[K/home/huucuong/mypendulumn/src/inverted_pendulum/src/control.cpp:44:55:[m[K [01;31m[Kerror: [m[Kâ€˜[01m[KJointState[m[Kâ€™ in namespace â€˜[01m[K::[m[Kâ€™ does not name a type
[1.427s]    44 |     void joint_state_callback(const sensor_msgs::msg::[01;31m[KJointState[m[K::SharedPtr msg)
[1.428s]       |                                                       [01;31m[K^~~~~~~~~~[m[K
[1.434s] [01m[K/home/huucuong/mypendulumn/src/inverted_pendulum/src/control.cpp:51:26:[m[K [01;31m[Kerror: [m[Kâ€˜[01m[Ksensor_msgs[m[Kâ€™ was not declared in this scope
[1.434s]    51 |     rclcpp::Subscription<[01;31m[Ksensor_msgs[m[K::msg::JointState>::SharedPtr subscriber_;
[1.434s]       |                          [01;31m[K^~~~~~~~~~~[m[K
[1.434s] [01m[K/home/huucuong/mypendulumn/src/inverted_pendulum/src/control.cpp:51:54:[m[K [01;31m[Kerror: [m[Ktemplate argument 1 is invalid
[1.434s]    51 |     rclcpp::Subscription<sensor_msgs::msg::JointState[01;31m[K>[m[K::SharedPtr subscriber_;
[1.435s]       |                                                      [01;31m[K^[m[K
[1.435s] [01m[K/home/huucuong/mypendulumn/src/inverted_pendulum/src/control.cpp:51:54:[m[K [01;31m[Kerror: [m[Ktemplate argument 3 is invalid
[1.435s] [01m[K/home/huucuong/mypendulumn/src/inverted_pendulum/src/control.cpp:51:57:[m[K [01;31m[Kerror: [m[Kexpected â€˜[01m[K;[m[Kâ€™ at end of member declaration
[1.435s]    51 |     rclcpp::Subscription<sensor_msgs::msg::JointState>::[01;31m[KSharedPtr[m[K subscriber_;
[1.435s]       |                                                         [01;31m[K^~~~~~~~~[m[K
[1.435s]       |                                                                  [32m[K;[m[K
[1.436s] [01m[K/home/huucuong/mypendulumn/src/inverted_pendulum/src/control.cpp:51:67:[m[K [01;31m[Kerror: [m[Kâ€˜[01m[Ksubscriber_[m[Kâ€™ does not name a type
[1.436s]    51 |     rclcpp::Subscription<sensor_msgs::msg::JointState>::SharedPtr [01;31m[Ksubscriber_[m[K;
[1.436s]       |                                                                   [01;31m[K^~~~~~~~~~~[m[K
[1.438s] [01m[K/home/huucuong/mypendulumn/src/inverted_pendulum/src/control.cpp:52:5:[m[K [01;31m[Kerror: [m[Kâ€˜[01m[Ksensor_msgs[m[Kâ€™ does not name a type
[1.438s]    52 |     [01;31m[Ksensor_msgs[m[K::msg::JointState last_joint_state_;
[1.439s]       |     [01;31m[K^~~~~~~~~~~[m[K
[1.453s] [01m[K/home/huucuong/mypendulumn/src/inverted_pendulum/src/control.cpp:[m[K In constructor â€˜[01m[KWrenchPublisher::WrenchPublisher()[m[Kâ€™:
[1.453s] [01m[K/home/huucuong/mypendulumn/src/inverted_pendulum/src/control.cpp:15:9:[m[K [01;31m[Kerror: [m[Kâ€˜[01m[Ksubscriber_[m[Kâ€™ was not declared in this scope
[1.453s]    15 |         [01;31m[Ksubscriber_[m[K = this->create_subscription<sensor_msgs::msg::JointState>(
[1.453s]       |         [01;31m[K^~~~~~~~~~~[m[K
[1.456s] [01m[K/home/huucuong/mypendulumn/src/inverted_pendulum/src/control.cpp:15:49:[m[K [01;31m[Kerror: [m[Kâ€˜[01m[Ksensor_msgs[m[Kâ€™ was not declared in this scope
[1.456s]    15 |         subscriber_ = this->create_subscription<[01;31m[Ksensor_msgs[m[K::msg::JointState>(
[1.456s]       |                                                 [01;31m[K^~~~~~~~~~~[m[K
[1.456s] [01m[K/home/huucuong/mypendulumn/src/inverted_pendulum/src/control.cpp:15:29:[m[K [01;31m[Kerror: [m[Kparse error in template argument list
[1.456s]    15 |         subscriber_ = this->[01;31m[Kcreate_subscription<sensor_msgs::msg::JointState>[m[K(
[1.456s]       |                             [01;31m[K^~~~~~~~~~~~~~~~~~~~~~~~~~~~~~~~~~~~~~~~~~~~~~~~~[m[K
[1.464s] [01m[K/home/huucuong/mypendulumn/src/inverted_pendulum/src/control.cpp:17:9:[m[K [01;31m[Kerror: [m[Kno matching function for call to â€˜[01m[KWrenchPublisher::create_subscription<<expression error> >(const char [13], int, std::_Bind_helper<false, void (WrenchPublisher::*)(...), WrenchPublisher*, const std::_Placeholder<1>&>::type)[m[Kâ€™
[1.464s]    17 |         [01;31m[K)[m[K;
[1.464s]       |         [01;31m[K^[m[K
[1.464s] In file included from [01m[K/opt/ros/foxy/include/rclcpp/executors/single_threaded_executor.hpp:28[m[K,
[1.465s]                  from [01m[K/opt/ros/foxy/include/rclcpp/executors.hpp:22[m[K,
[1.465s]                  from [01m[K/opt/ros/foxy/include/rclcpp/rclcpp.hpp:146[m[K,
[1.465s]                  from [01m[K/home/huucuong/mypendulumn/src/inverted_pendulum/src/control.cpp:1[m[K:
[1.465s] [01m[K/opt/ros/foxy/include/rclcpp/node.hpp:213:3:[m[K [01;36m[Knote: [m[Kcandidate: â€˜[01m[Ktemplate<class MessageT, class CallbackT, class AllocatorT, class CallbackMessageT, class SubscriptionT, class MessageMemoryStrategyT> std::shared_ptr<SubscriptionT> rclcpp::Node::create_subscription(const string&, const rclcpp::QoS&, CallbackT&&, const rclcpp::SubscriptionOptionsWithAllocator<AllocatorT>&, typename MessageMemoryStrategyT::SharedPtr)[m[Kâ€™
[1.465s]   213 |   [01;36m[Kcreate_subscription[m[K(
[1.465s]       |   [01;36m[K^~~~~~~~~~~~~~~~~~~[m[K
[1.466s] [01m[K/opt/ros/foxy/include/rclcpp/node.hpp:213:3:[m[K [01;36m[Knote: [m[K  template argument deduction/substitution failed:
[1.466s] [01m[K/home/huucuong/mypendulumn/src/inverted_pendulum/src/control.cpp:17:9:[m[K [01;31m[Kerror: [m[Ktemplate argument 1 is invalid
[1.466s]    17 |         [01;31m[K)[m[K;
[1.466s]       |         [01;31m[K^[m[K
[1.473s] [01m[K/home/huucuong/mypendulumn/src/inverted_pendulum/src/control.cpp:[m[K In member function â€˜[01m[Kvoid WrenchPublisher::publish_wrench()[m[Kâ€™:
[1.473s] [01m[K/home/huucuong/mypendulumn/src/inverted_pendulum/src/control.cpp:32:14:[m[K [01;31m[Kerror: [m[Kâ€˜[01m[Klast_joint_state_[m[Kâ€™ was not declared in this scope
[1.473s]    32 |         if (![01;31m[Klast_joint_state_[m[K.position.empty() && !last_joint_state_.velocity.empty()) {
[1.474s]       |              [01;31m[K^~~~~~~~~~~~~~~~~[m[K
[2.281s] make[2]: *** [CMakeFiles/wrench_publisher.dir/build.make:63: CMakeFiles/wrench_publisher.dir/src/control.cpp.o] Error 1
[2.282s] make[1]: *** [CMakeFiles/Makefile2:78: CMakeFiles/wrench_publisher.dir/all] Error 2
[2.282s] make: *** [Makefile:141: all] Error 2
[2.286s] Invoked command in '/home/huucuong/mypendulumn/build/inverted_pendulum' returned '2': CMAKE_PREFIX_PATH=${CMAKE_PREFIX_PATH}:/opt/ros/foxy /usr/bin/cmake --build /home/huucuong/mypendulumn/build/inverted_pendulum -- -j12 -l12
