[0.197s] Invoking command in '/home/huucuong/mypendulumn/build/inverted_pendulum': CMAKE_PREFIX_PATH=${CMAKE_PREFIX_PATH}:/opt/ros/foxy /usr/bin/cmake --build /home/huucuong/mypendulumn/build/inverted_pendulum -- -j12 -l12
[0.275s] [35m[1mScanning dependencies of target control_pendulum[0m
[0.324s] [ 50%] [32mBuilding CXX object CMakeFiles/control_pendulum.dir/src/control.cpp.o[0m
[1.442s] [01m[K/home/huucuong/mypendulumn/src/inverted_pendulum/src/control.cpp:16:21:[m[K [01;31m[Kerror: [m[KISO C++ forbids declaration of â€˜[01m[KWrenchSubcriber[m[Kâ€™ with no type [[01;31m[K-fpermissive[m[K]
[1.442s]    16 |     WrenchSubcriber([01;31m[K)[m[K
[1.442s]       |                     [01;31m[K^[m[K
[1.459s] [01m[K/home/huucuong/mypendulumn/src/inverted_pendulum/src/control.cpp:[m[K In member function â€˜[01m[Kint WrenchPublisher::WrenchSubcriber()[m[Kâ€™:
[1.459s] [01m[K/home/huucuong/mypendulumn/src/inverted_pendulum/src/control.cpp:17:7:[m[K [01;31m[Kerror: [m[Konly constructors take member initializers
[1.459s]    17 |     : [01;31m[KNode[m[K("publishforce")
[1.459s]       |       [01;31m[K^~~~[m[K
[1.459s] [01m[K/home/huucuong/mypendulumn/src/inverted_pendulum/src/control.cpp:24:5:[m[K [01;35m[Kwarning: [m[Kno return statement in function returning non-void [[01;35m[K-Wreturn-type[m[K]
[1.459s]    24 |     [01;35m[K}[m[K
[1.460s]       |     [01;35m[K^[m[K
[1.460s] [01m[K/home/huucuong/mypendulumn/src/inverted_pendulum/src/control.cpp:[m[K In member function â€˜[01m[Kvoid WrenchPublisher::publish_wrench()[m[Kâ€™:
[1.461s] [01m[K/home/huucuong/mypendulumn/src/inverted_pendulum/src/control.cpp:31:27:[m[K [01;31m[Kerror: [m[Kâ€˜[01m[Kpush[m[Kâ€™ was not declared in this scope
[1.461s]    31 |         message.force.x = [01;31m[Kpush[m[K;
[1.461s]       |                           [01;31m[K^~~~[m[K
[2.305s] make[2]: *** [CMakeFiles/control_pendulum.dir/build.make:63: CMakeFiles/control_pendulum.dir/src/control.cpp.o] Error 1
[2.306s] make[1]: *** [CMakeFiles/Makefile2:78: CMakeFiles/control_pendulum.dir/all] Error 2
[2.306s] make: *** [Makefile:141: all] Error 2
[2.309s] Invoked command in '/home/huucuong/mypendulumn/build/inverted_pendulum' returned '2': CMAKE_PREFIX_PATH=${CMAKE_PREFIX_PATH}:/opt/ros/foxy /usr/bin/cmake --build /home/huucuong/mypendulumn/build/inverted_pendulum -- -j12 -l12
