[35m[1mScanning dependencies of target control_pendulum[0m
[ 50%] [32mBuilding CXX object CMakeFiles/control_pendulum.dir/src/control.cpp.o[0m
[01m[K/home/huucuong/mypendulumn/src/inverted_pendulum/src/control.cpp:17:21:[m[K [01;31m[Kerror: [m[KISO C++ forbids declaration of â€˜[01m[KWrenchSubcriber[m[Kâ€™ with no type [[01;31m[K-fpermissive[m[K]
   17 |     WrenchSubcriber([01;31m[K)[m[K
      |                     [01;31m[K^[m[K
[01m[K/home/huucuong/mypendulumn/src/inverted_pendulum/src/control.cpp:[m[K In constructor â€˜[01m[KWrenchPublisher::WrenchPublisher()[m[Kâ€™:
[01m[K/home/huucuong/mypendulumn/src/inverted_pendulum/src/control.cpp:10:13:[m[K [01;35m[Kwarning: [m[Kunused variable â€˜[01m[Kpush[m[Kâ€™ [[01;35m[K-Wunused-variable[m[K]
   10 |         int [01;35m[Kpush[m[K=10;
      |             [01;35m[K^~~~[m[K
[01m[K/home/huucuong/mypendulumn/src/inverted_pendulum/src/control.cpp:[m[K In member function â€˜[01m[Kint WrenchPublisher::WrenchSubcriber()[m[Kâ€™:
[01m[K/home/huucuong/mypendulumn/src/inverted_pendulum/src/control.cpp:18:7:[m[K [01;31m[Kerror: [m[Konly constructors take member initializers
   18 |     : [01;31m[KNode[m[K("publishforce")
      |       [01;31m[K^~~~[m[K
[01m[K/home/huucuong/mypendulumn/src/inverted_pendulum/src/control.cpp:25:5:[m[K [01;35m[Kwarning: [m[Kno return statement in function returning non-void [[01;35m[K-Wreturn-type[m[K]
   25 |     [01;35m[K}[m[K
      |     [01;35m[K^[m[K
[01m[K/home/huucuong/mypendulumn/src/inverted_pendulum/src/control.cpp:[m[K In member function â€˜[01m[Kvoid WrenchPublisher::publish_wrench()[m[Kâ€™:
[01m[K/home/huucuong/mypendulumn/src/inverted_pendulum/src/control.cpp:32:27:[m[K [01;31m[Kerror: [m[Kâ€˜[01m[Kpush[m[Kâ€™ was not declared in this scope
   32 |         message.force.x = [01;31m[Kpush[m[K;
      |                           [01;31m[K^~~~[m[K
make[2]: *** [CMakeFiles/control_pendulum.dir/build.make:63: CMakeFiles/control_pendulum.dir/src/control.cpp.o] Error 1
make[1]: *** [CMakeFiles/Makefile2:78: CMakeFiles/control_pendulum.dir/all] Error 2
make: *** [Makefile:141: all] Error 2
