[0.205s] Invoking command in '/home/huucuong/mypendulumn/build/inverted_pendulum': CMAKE_PREFIX_PATH=${CMAKE_PREFIX_PATH}:/opt/ros/foxy /usr/bin/cmake --build /home/huucuong/mypendulumn/build/inverted_pendulum -- -j12 -l12
[0.253s] [35m[1mScanning dependencies of target control_pendulum[0m
[0.279s] [ 50%] [32mBuilding CXX object CMakeFiles/control_pendulum.dir/src/control.cpp.o[0m
[1.416s] [01m[K/home/huucuong/mypendulumn/src/inverted_pendulum/src/control.cpp:36:46:[m[K [01;31m[Kerror: [m[Kâ€˜[01m[KString[m[Kâ€™ in namespace â€˜[01m[Kstd_msgs::msg[m[Kâ€™ does not name a type
[1.416s]    36 |     void topic_callback(const std_msgs::msg::[01;31m[KString[m[K::SharedPtr msg) const
[1.416s]       |                                              [01;31m[K^~~~~~[m[K
[1.417s] [01m[K/home/huucuong/mypendulumn/src/inverted_pendulum/src/control.cpp:36:64:[m[K [01;31m[Kerror: [m[Kexpected unqualified-id before â€˜[01m[Kmsg[m[Kâ€™
[1.417s]    36 |     void topic_callback(const std_msgs::msg::String::SharedPtr [01;31m[Kmsg[m[K) const
[1.417s]       |                                                                [01;31m[K^~~[m[K
[1.417s] [01m[K/home/huucuong/mypendulumn/src/inverted_pendulum/src/control.cpp:36:63:[m[K [01;31m[Kerror: [m[Kexpected â€˜[01m[K)[m[Kâ€™ before â€˜[01m[Kmsg[m[Kâ€™
[1.417s]    36 |     void topic_callback[34m[K([m[Kconst std_msgs::msg::String::SharedPtr[01;31m[K [m[K[32m[Kmsg[m[K) const
[1.417s]       |                        [34m[K~[m[K                                      [01;31m[K^[m[K[32m[K~~~[m[K
[1.418s]       |                                                               [32m[K)[m[K
[1.418s] [01m[K/home/huucuong/mypendulumn/src/inverted_pendulum/src/control.cpp:36:54:[m[K [01;31m[Kerror: [m[Kexpected â€˜[01m[K;[m[Kâ€™ at end of member declaration
[1.418s]    36 |     void topic_callback(const std_msgs::msg::String::[01;31m[KSharedPtr[m[K msg) const
[1.418s]       |                                                      [01;31m[K^~~~~~~~~[m[K
[1.418s]       |                                                               [32m[K;[m[K
[1.418s] [01m[K/home/huucuong/mypendulumn/src/inverted_pendulum/src/control.cpp:36:64:[m[K [01;31m[Kerror: [m[Kâ€˜[01m[Kmsg[m[Kâ€™ does not name a type
[1.419s]    36 |     void topic_callback(const std_msgs::msg::String::SharedPtr [01;31m[Kmsg[m[K) const
[1.419s]       |                                                                [01;31m[K^~~[m[K
[1.446s] [01m[K/home/huucuong/mypendulumn/src/inverted_pendulum/src/control.cpp:[m[K In constructor â€˜[01m[KWrenchPublisher::WrenchPublisher()[m[Kâ€™:
[1.447s] [01m[K/home/huucuong/mypendulumn/src/inverted_pendulum/src/control.cpp:18:38:[m[K [01;31m[Kerror: [m[Kâ€˜[01m[KMinimalSubscriber[m[Kâ€™ has not been declared
[1.447s]    18 |       "joint_states", 10, std::bind(&[01;31m[KMinimalSubscriber[m[K::topic_callback, this, _1));
[1.447s]       |                                      [01;31m[K^~~~~~~~~~~~~~~~~[m[K
[1.447s] [01m[K/home/huucuong/mypendulumn/src/inverted_pendulum/src/control.cpp:18:79:[m[K [01;31m[Kerror: [m[Kâ€˜[01m[K_1[m[Kâ€™ was not declared in this scope; did you mean â€˜[01m[Kstd::placeholders::_1[m[Kâ€™?
[1.448s]    18 |       "joint_states", 10, std::bind(&MinimalSubscriber::topic_callback, this, [01;31m[K_1[m[K));
[1.448s]       |                                                                               [01;31m[K^~[m[K
[1.448s]       |                                                                               [32m[Kstd::placeholders::_1[m[K
[1.448s] In file included from [01m[K/opt/ros/foxy/include/rclcpp/context.hpp:19[m[K,
[1.448s]                  from [01m[K/opt/ros/foxy/include/rclcpp/contexts/default_context.hpp:18[m[K,
[1.448s]                  from [01m[K/opt/ros/foxy/include/rclcpp/executor.hpp:32[m[K,
[1.448s]                  from [01m[K/opt/ros/foxy/include/rclcpp/executors/multi_threaded_executor.hpp:26[m[K,
[1.449s]                  from [01m[K/opt/ros/foxy/include/rclcpp/executors.hpp:21[m[K,
[1.449s]                  from [01m[K/opt/ros/foxy/include/rclcpp/rclcpp.hpp:146[m[K,
[1.449s]                  from [01m[K/home/huucuong/mypendulumn/src/inverted_pendulum/src/control.cpp:1[m[K:
[1.449s] [01m[K/usr/include/c++/9/functional:211:34:[m[K [01;36m[Knote: [m[Kâ€˜[01m[Kstd::placeholders::_1[m[Kâ€™ declared here
[1.449s]   211 |     extern const _Placeholder<1> [01;36m[K_1[m[K;
[1.449s]       |                                  [01;36m[K^~[m[K
[2.274s] make[2]: *** [CMakeFiles/control_pendulum.dir/build.make:63: CMakeFiles/control_pendulum.dir/src/control.cpp.o] Error 1
[2.275s] make[1]: *** [CMakeFiles/Makefile2:78: CMakeFiles/control_pendulum.dir/all] Error 2
[2.275s] make: *** [Makefile:141: all] Error 2
[2.278s] Invoked command in '/home/huucuong/mypendulumn/build/inverted_pendulum' returned '2': CMAKE_PREFIX_PATH=${CMAKE_PREFIX_PATH}:/opt/ros/foxy /usr/bin/cmake --build /home/huucuong/mypendulumn/build/inverted_pendulum -- -j12 -l12
