[35m[1mScanning dependencies of target control_pendulum[0m
[ 50%] [32mBuilding CXX object CMakeFiles/control_pendulum.dir/src/control.cpp.o[0m
[01m[K/home/huucuong/mypendulumn/src/inverted_pendulum/src/control.cpp:25:11:[m[K [01;31m[Kerror: [m[Kâ€˜[01m[KSLIDER_ENC_COUNT[m[Kâ€™ does not name a type
   25 |     const [01;31m[KSLIDER_ENC_COUNT[m[K=24000;
      |           [01;31m[K^~~~~~~~~~~~~~~~[m[K
[01m[K/home/huucuong/mypendulumn/src/inverted_pendulum/src/control.cpp:26:11:[m[K [01;31m[Kerror: [m[Kâ€˜[01m[KANGLE_ENC_COUNT[m[Kâ€™ does not name a type
   26 |     const [01;31m[KANGLE_ENC_COUNT[m[K=2400;
      |           [01;31m[K^~~~~~~~~~~~~~~[m[K
[01m[K/home/huucuong/mypendulumn/src/inverted_pendulum/src/control.cpp:[m[K In member function â€˜[01m[Kvoid WrenchPublisher::publish_wrench()[m[Kâ€™:
[01m[K/home/huucuong/mypendulumn/src/inverted_pendulum/src/control.cpp:51:27:[m[K [01;31m[Kerror: [m[Kâ€˜[01m[Kpush[m[Kâ€™ was not declared in this scope
   51 |         message.force.x = [01;31m[Kpush[m[K;
      |                           [01;31m[K^~~~[m[K
[01m[K/home/huucuong/mypendulumn/src/inverted_pendulum/src/control.cpp:[m[K In member function â€˜[01m[Kvoid WrenchPublisher::topic_callback(sensor_msgs::msg::JointState_<std::allocator<void> >::SharedPtr)[m[Kâ€™:
[01m[K/home/huucuong/mypendulumn/src/inverted_pendulum/src/control.cpp:63:38:[m[K [01;31m[Kerror: [m[Kâ€˜[01m[KANGLE_ENC_COUNT[m[Kâ€™ was not declared in this scope
   63 |     pendulum_pos=msg->position[1]/PI*[01;31m[KANGLE_ENC_COUNT[m[K;
      |                                      [01;31m[K^~~~~~~~~~~~~~~[m[K
[01m[K/home/huucuong/mypendulumn/src/inverted_pendulum/src/control.cpp:64:38:[m[K [01;31m[Kerror: [m[Kâ€˜[01m[KSLIDER_ENC_COUNT[m[Kâ€™ was not declared in this scope
   64 |     slider_pos=msg->position[0]/0.35*[01;31m[KSLIDER_ENC_COUNT[m[K;
      |                                      [01;31m[K^~~~~~~~~~~~~~~~[m[K
make[2]: *** [CMakeFiles/control_pendulum.dir/build.make:63: CMakeFiles/control_pendulum.dir/src/control.cpp.o] Error 1
make[1]: *** [CMakeFiles/Makefile2:78: CMakeFiles/control_pendulum.dir/all] Error 2
make: *** [Makefile:141: all] Error 2
