[0.275s] Invoking command in '/home/huucuong/mypendulumn/build/inverted_pendulum': CMAKE_PREFIX_PATH=${CMAKE_PREFIX_PATH}:/opt/ros/foxy /usr/bin/cmake --build /home/huucuong/mypendulumn/build/inverted_pendulum -- -j12 -l12
[0.348s] [35m[1mScanning dependencies of target control_pendulum[0m
[0.395s] [ 50%] [32mBuilding CXX object CMakeFiles/control_pendulum.dir/src/control.cpp.o[0m
[1.981s] [01m[K/home/huucuong/mypendulumn/src/inverted_pendulum/src/control.cpp:[m[K In member function â€˜[01m[Kvoid WrenchPublisher::publish_wrench()[m[Kâ€™:
[1.981s] [01m[K/home/huucuong/mypendulumn/src/inverted_pendulum/src/control.cpp:51:27:[m[K [01;31m[Kerror: [m[Kâ€˜[01m[Kpush[m[Kâ€™ was not declared in this scope
[1.981s]    51 |         message.force.x = [01;31m[Kpush[m[K;
[1.982s]       |                           [01;31m[K^~~~[m[K
[3.975s] make[2]: *** [CMakeFiles/control_pendulum.dir/build.make:63: CMakeFiles/control_pendulum.dir/src/control.cpp.o] Error 1
[3.975s] make[1]: *** [CMakeFiles/Makefile2:78: CMakeFiles/control_pendulum.dir/all] Error 2
[3.975s] make: *** [Makefile:141: all] Error 2
[3.982s] Invoked command in '/home/huucuong/mypendulumn/build/inverted_pendulum' returned '2': CMAKE_PREFIX_PATH=${CMAKE_PREFIX_PATH}:/opt/ros/foxy /usr/bin/cmake --build /home/huucuong/mypendulumn/build/inverted_pendulum -- -j12 -l12
